#
# There is insufficient memory for the Java Runtime Environment to continue.
# Native memory allocation (mmap) failed to map 264241152 bytes for G1 virtual space
# Possible reasons:
#   The system is out of physical RAM or swap space
#   The process is running with CompressedOops enabled, and the Java Heap may be blocking the growth of the native heap
# Possible solutions:
#   Reduce memory load on the system
#   Increase physical memory or swap space
#   Check if swap backing store is full
#   Decrease Java heap size (-Xmx/-Xms)
#   Decrease number of Java threads
#   Decrease Java thread stack sizes (-Xss)
#   Set larger code cache with -XX:ReservedCodeCacheSize=
#   JVM is running with Zero Based Compressed Oops mode in which the Java heap is
#     placed in the first 32GB address space. The Java Heap base address is the
#     maximum limit for the native heap growth. Please use -XX:HeapBaseMinAddress
#     to set the Java Heap base and to place the Java Heap above 32GB virtual address.
# This output file may be truncated or incomplete.
#
#  Out of Memory Error (os_windows.cpp:3600), pid=26988, tid=28436
#
# JRE version:  (21.0.1+12) (build )
# Java VM: Java HotSpot(TM) 64-Bit Server VM (21.0.1+12-LTS-29, mixed mode, sharing, tiered, compressed oops, compressed class ptrs, g1 gc, windows-amd64)
# No core dump will be written. Minidumps are not enabled by default on client versions of Windows
#

---------------  S U M M A R Y ------------

Command Line: -Dfile.encoding=UTF-8 --module-path=C:\Users\LadyA\OneDrive\«·„” ‰œ« \NetBeansProjects\SocialMediaPlatform\build\classes Project.SocialMediaAbb

Host: 13th Gen Intel(R) Core(TM) i7-1360P, 16 cores, 15G,  Windows 11 , 64 bit Build 26100 (10.0.26100.7019)
Time: Tue Dec  9 19:13:04 2025 Arab Standard Time elapsed time: 0.024183 seconds (0d 0h 0m 0s)

---------------  T H R E A D  ---------------

Current thread (0x000001ba6258c860):  JavaThread "Unknown thread" [_thread_in_vm, id=28436, stack(0x00000029b2d00000,0x00000029b2e00000) (1024K)]

Stack: [0x00000029b2d00000,0x00000029b2e00000]
Native frames: (J=compiled Java code, j=interpreted, Vv=VM code, C=native code)
V  [jvm.dll+0x6c9029]
V  [jvm.dll+0x854b81]
V  [jvm.dll+0x856e5e]
V  [jvm.dll+0x857543]
V  [jvm.dll+0x280c06]
V  [jvm.dll+0x6c5715]
V  [jvm.dll+0x6ba10a]
V  [jvm.dll+0x3557ea]
V  [jvm.dll+0x35d436]
V  [jvm.dll+0x3ae1be]
V  [jvm.dll+0x3ae468]
V  [jvm.dll+0x3291fc]
V  [jvm.dll+0x329d8b]
V  [jvm.dll+0x81d179]
V  [jvm.dll+0x3bb4f1]
V  [jvm.dll+0x805ae8]
V  [jvm.dll+0x44effe]
V  [jvm.dll+0x450901]
C  [jli.dll+0x52a3]
C  [ucrtbase.dll+0x37b0]
C  [KERNEL32.DLL+0x2e8d7]
C  [ntdll.dll+0x8c53c]


---------------  P R O C E S S  ---------------

Threads class SMR info:
_java_thread_list=0x00007ffdc3489b88, length=0, elements={
}

Java Threads: ( => current thread )
Total: 0

Other Threads:
  0x000001ba62adae20 WorkerThread "GC Thread#0"                     [id=33588, stack(0x00000029b2e00000,0x00000029b2f00000) (1024K)]
  0x000001ba62aeb9c0 ConcurrentGCThread "G1 Main Marker"            [id=15380, stack(0x00000029b2f00000,0x00000029b3000000) (1024K)]
  0x000001ba62aed340 WorkerThread "G1 Conc#0"                       [id=14516, stack(0x00000029b3000000,0x00000029b3100000) (1024K)]

[error occurred during error reporting (printing all threads), id 0xc0000005, EXCEPTION_ACCESS_VIOLATION (0xc0000005) at pc=0x00007ffdc2bfc2c7]
VM state: not at safepoint (not fully initialized)

VM Mutex/Monitor currently owned by a thread:  ([mutex/lock_event])
[0x00007ffdc34fa6f8] Heap_lock - owner thread: 0x000001ba6258c860

Heap address: 0x0000000704400000, size: 4028 MB, Compressed Oops mode: Zero based, Oop shift amount: 3

CDS archive(s) mapped at: [0x0000000000000000-0x0000000000000000-0x0000000000000000), size 0, SharedBaseAddress: 0x0000000800000000, ArchiveRelocationMode: 1.
Narrow klass base: 0x0000000000000000, Narrow klass shift: 0, Narrow klass range: 0x0

GC Precious Log:
 CardTable entry size: 512
 Card Set container configuration: InlinePtr #cards 4 size 8 Array Of Cards #cards 16 size 48 Howl #buckets 8 coarsen threshold 3686 Howl Bitmap #cards 512 size 80 coarsen threshold 460 Card regions per heap region 1 cards per card region 4096

Heap:
 garbage-first heap   total 0K, used 0K [0x0000000704400000, 0x0000000800000000)
  region size 2048K, 0 young (0K), 0 survivors (0K)

[error occurred during error reporting (printing heap information), id 0xc0000005, EXCEPTION_ACCESS_VIOLATION (0xc0000005) at pc=0x00007ffdc2fe1be9]
GC Heap History (0 events):
No events

Dll operation events (1 events):
Event: 0.010 Loaded shared library C:\Program Files\Java\jdk-21\bin\java.dll

Deoptimization events (0 events):
No events

Classes loaded (0 events):
No events

Classes unloaded (0 events):
No events

Classes redefined (0 events):
No events

Internal exceptions (0 events):
No events

ZGC Phase Switch (0 events):
No events

VM Operations (0 events):
No events

Events (0 events):
No events


Dynamic libraries:
0x00007ff622ce0000 - 0x00007ff622cf0000 	C:\Program Files\Java\jdk-21\bin\java.exe
0x00007ffedaf60000 - 0x00007ffedb1c8000 	C:\WINDOWS\SYSTEM32\ntdll.dll
0x00007ffed9c60000 - 0x00007ffed9d29000 	C:\WINDOWS\System32\KERNEL32.DLL
0x00007ffed8900000 - 0x00007ffed8cf8000 	C:\WINDOWS\System32\KERNELBASE.dll
0x00007ffed80b0000 - 0x00007ffed81fb000 	C:\WINDOWS\System32\ucrtbase.dll
0x00007ffecff10000 - 0x00007ffecff2b000 	C:\Program Files\Java\jdk-21\bin\VCRUNTIME140.dll
0x00007ffeb9360000 - 0x00007ffeb9379000 	C:\Program Files\Java\jdk-21\bin\jli.dll
0x00007ffed8d50000 - 0x00007ffed8e04000 	C:\WINDOWS\System32\ADVAPI32.dll
0x00007ffedaa50000 - 0x00007ffedaaf9000 	C:\WINDOWS\System32\msvcrt.dll
0x00007ffed9d30000 - 0x00007ffed9dd6000 	C:\WINDOWS\System32\sechost.dll
0x00007ffed90c0000 - 0x00007ffed91d8000 	C:\WINDOWS\System32\RPCRT4.dll
0x00007ffedad30000 - 0x00007ffedaef7000 	C:\WINDOWS\System32\USER32.dll
0x00007ffed88d0000 - 0x00007ffed88f7000 	C:\WINDOWS\System32\win32u.dll
0x00007ffeb56f0000 - 0x00007ffeb5984000 	C:\WINDOWS\WinSxS\amd64_microsoft.windows.common-controls_6595b64144ccf1df_6.0.26100.7019_none_3e06ffa0e335b8a8\COMCTL32.dll
0x00007ffed9940000 - 0x00007ffed996b000 	C:\WINDOWS\System32\GDI32.dll
0x00007ffed82b0000 - 0x00007ffed83dc000 	C:\WINDOWS\System32\gdi32full.dll
0x00007ffed8820000 - 0x00007ffed88c3000 	C:\WINDOWS\System32\msvcp_win.dll
0x00007ffec2030000 - 0x00007ffec203b000 	C:\WINDOWS\SYSTEM32\VERSION.dll
0x00007ffed8fb0000 - 0x00007ffed8fe1000 	C:\WINDOWS\System32\IMM32.DLL
0x00007ffed2ad0000 - 0x00007ffed2adc000 	C:\Program Files\Java\jdk-21\bin\vcruntime140_1.dll
0x00007ffe77e00000 - 0x00007ffe77e8e000 	C:\Program Files\Java\jdk-21\bin\msvcp140.dll
0x00007ffdc28c0000 - 0x00007ffdc35d5000 	C:\Program Files\Java\jdk-21\bin\server\jvm.dll
0x00007ffeda180000 - 0x00007ffeda1f4000 	C:\WINDOWS\System32\WS2_32.dll
0x00007ffed7f30000 - 0x00007ffed7f8e000 	C:\WINDOWS\SYSTEM32\POWRPROF.dll
0x00007ffece290000 - 0x00007ffece2c5000 	C:\WINDOWS\SYSTEM32\WINMM.dll
0x00007ffed7f10000 - 0x00007ffed7f24000 	C:\WINDOWS\SYSTEM32\UMPDC.dll
0x00007ffed6e70000 - 0x00007ffed6e8b000 	C:\WINDOWS\SYSTEM32\kernel.appcore.dll
0x00007ffecff00000 - 0x00007ffecff0a000 	C:\Program Files\Java\jdk-21\bin\jimage.dll
0x00007ffed5730000 - 0x00007ffed5972000 	C:\WINDOWS\SYSTEM32\DBGHELP.DLL
0x00007ffeda6c0000 - 0x00007ffedaa4b000 	C:\WINDOWS\System32\combase.dll
0x00007ffed9970000 - 0x00007ffed9a47000 	C:\WINDOWS\System32\OLEAUT32.dll
0x00007ffebc5a0000 - 0x00007ffebc5dc000 	C:\WINDOWS\SYSTEM32\dbgcore.DLL
0x00007ffed8200000 - 0x00007ffed82a5000 	C:\WINDOWS\System32\bcryptPrimitives.dll
0x00007ffe9d660000 - 0x00007ffe9d67f000 	C:\Program Files\Java\jdk-21\bin\java.dll

dbghelp: loaded successfully - version: 4.0.5 - missing functions: none
symbol engine: initialized successfully - sym options: 0x614 - pdb path: .;C:\Program Files\Java\jdk-21\bin;C:\WINDOWS\SYSTEM32;C:\WINDOWS\WinSxS\amd64_microsoft.windows.common-controls_6595b64144ccf1df_6.0.26100.7019_none_3e06ffa0e335b8a8;C:\Program Files\Java\jdk-21\bin\server

VM Arguments:
jvm_args: -Dfile.encoding=UTF-8 --module-path=C:\Users\LadyA\OneDrive\«·„” ‰œ« \NetBeansProjects\SocialMediaPlatform\build\classes 
java_command: Project.SocialMediaAbb
java_class_path (initial): C:\Users\LadyA\OneDrive\«·„” ‰œ« \NetBeansProjects\SocialMediaPlatform\build\classes
Launcher Type: SUN_STANDARD

[Global flags]
     intx CICompilerCount                          = 12                                        {product} {ergonomic}
     uint ConcGCThreads                            = 3                                         {product} {ergonomic}
     uint G1ConcRefinementThreads                  = 13                                        {product} {ergonomic}
   size_t G1HeapRegionSize                         = 2097152                                   {product} {ergonomic}
    uintx GCDrainStackTargetSize                   = 64                                        {product} {ergonomic}
   size_t InitialHeapSize                          = 264241152                                 {product} {ergonomic}
   size_t MarkStackSize                            = 4194304                                   {product} {ergonomic}
   size_t MaxHeapSize                              = 4223664128                                {product} {ergonomic}
   size_t MinHeapDeltaBytes                        = 2097152                                   {product} {ergonomic}
   size_t MinHeapSize                              = 8388608                                   {product} {ergonomic}
    uintx NonNMethodCodeHeapSize                   = 7602480                                {pd product} {ergonomic}
    uintx NonProfiledCodeHeapSize                  = 122027880                              {pd product} {ergonomic}
    uintx ProfiledCodeHeapSize                     = 122027880                              {pd product} {ergonomic}
    uintx ReservedCodeCacheSize                    = 251658240                              {pd product} {ergonomic}
     bool SegmentedCodeCache                       = true                                      {product} {ergonomic}
   size_t SoftMaxHeapSize                          = 4223664128                             {manageable} {ergonomic}
     bool UseCompressedOops                        = true                           {product lp64_product} {ergonomic}
     bool UseG1GC                                  = true                                      {product} {ergonomic}
     bool UseLargePagesIndividualAllocation        = false                                  {pd product} {ergonomic}

Logging:
Log output configuration:
 #0: stdout all=warning uptime,level,tags foldmultilines=false
 #1: stderr all=off uptime,level,tags foldmultilines=false

Environment Variables:
PATH=C:\Program Files\Common Files\Oracle\Java\javapath;C:\Program Files (x86)\Common Files\Oracle\Java\java8path;C:\Program Files (x86)\Common Files\Oracle\Java\javapath;C:\Windows\System32\HWAudioDriver;C:\Windows\system32;C:\Windows;C:\Windows\System32\Wbem;C:\Windows\System32\WindowsPowerShell\v1.0\;C:\Windows\System32\OpenSSH\;C:\Users\Administrator\AppData\Local\Microsoft\WindowsApps;C:\Program Files\Java\jdk-21\bin;C:\WINDOWS\system32;C:\WINDOWS;C:\WINDOWS\System32\Wbem;C:\WINDOWS\System32\WindowsPowerShell\v1.0\;C:\WINDOWS\System32\OpenSSH\;C:\Program Files\Git\cmd;C:\Program Files\nodejs\;C:\Program Files\MySQL\MySQL Shell 8.0\bin\;C:\Users\LadyA\AppData\Local\Microsoft\WindowsApps;C:\Program Files\MySQL\MySQL Server 8.0\bin;C:\Users\LadyA\AppData\Local\Programs\Microsoft VS Code\bin;C:\Users\LadyA\AppData\Roaming\npm
USERNAME=LadyA
OS=Windows_NT
PROCESSOR_IDENTIFIER=Intel64 Family 6 Model 186 Stepping 2, GenuineIntel
TMP=C:\Users\LadyA\AppData\Local\Temp
TEMP=C:\Users\LadyA\AppData\Local\Temp




Periodic native trim disabled

---------------  S Y S T E M  ---------------

OS:
 Windows 11 , 64 bit Build 26100 (10.0.26100.7019)
OS uptime: 19 days 3:30 hours
Hyper-V role detected

CPU: total 16 (initial active 16) (8 cores per cpu, 2 threads per core) family 6 model 186 stepping 2 microcode 0x410e, cx8, cmov, fxsr, ht, mmx, 3dnowpref, sse, sse2, sse3, ssse3, sse4.1, sse4.2, popcnt, lzcnt, tsc, tscinvbit, avx, avx2, aes, erms, clmul, bmi1, bmi2, adx, sha, fma, vzeroupper, clflush, clflushopt, clwb, hv, serialize, rdtscp, rdpid, fsrm, f16c, cet_ibt, cet_ss
Processor Information for processor 0
  Max Mhz: 2200, Current Mhz: 1466, Mhz Limit: 2200
Processor Information for processor 1
  Max Mhz: 2200, Current Mhz: 2200, Mhz Limit: 2200
Processor Information for processor 2
  Max Mhz: 2200, Current Mhz: 2200, Mhz Limit: 2200
Processor Information for processor 3
  Max Mhz: 2200, Current Mhz: 1466, Mhz Limit: 2200
Processor Information for processor 4
  Max Mhz: 2200, Current Mhz: 2200, Mhz Limit: 2200
Processor Information for processor 5
  Max Mhz: 2200, Current Mhz: 2200, Mhz Limit: 2200
Processor Information for processor 6
  Max Mhz: 2200, Current Mhz: 1466, Mhz Limit: 2200
Processor Information for processor 7
  Max Mhz: 2200, Current Mhz: 1466, Mhz Limit: 2200
Processor Information for processor 8
  Max Mhz: 2200, Current Mhz: 1600, Mhz Limit: 1584
Processor Information for processor 9
  Max Mhz: 2200, Current Mhz: 1600, Mhz Limit: 1584
Processor Information for processor 10
  Max Mhz: 2200, Current Mhz: 1600, Mhz Limit: 1584
Processor Information for processor 11
  Max Mhz: 2200, Current Mhz: 1600, Mhz Limit: 1584
Processor Information for processor 12
  Max Mhz: 2200, Current Mhz: 1600, Mhz Limit: 1584
Processor Information for processor 13
  Max Mhz: 2200, Current Mhz: 1600, Mhz Limit: 1584
Processor Information for processor 14
  Max Mhz: 2200, Current Mhz: 1600, Mhz Limit: 1584
Processor Information for processor 15
  Max Mhz: 2200, Current Mhz: 1600, Mhz Limit: 1584

Memory: 4k page, system-wide physical 16108M (3234M free)
TotalPageFile size 25217M (AvailPageFile size 256M)
current process WorkingSet (physical memory assigned to process): 12M, peak: 12M
current process commit charge ("private bytes"): 70M, peak: 322M

vm_info: Java HotSpot(TM) 64-Bit Server VM (21.0.1+12-LTS-29) for windows-amd64 JRE (21.0.1+12-LTS-29), built on 2023-10-05T13:27:09Z by "mach5one" with MS VC++ 17.1 (VS2022)

END.
